<?xml version="1.0" encoding="UTF-8"?>
<testsuite xmlns:xsi="http://www.w3.org/2001/XMLSchema-instance" xsi:noNamespaceSchemaLocation="https://maven.apache.org/surefire/maven-surefire-plugin/xsd/surefire-test-report-3.0.xsd" version="3.0" name="com.example.ticketero.integration.SetupValidationIT" time="67.819" tests="3" errors="0" skipped="0" failures="0">
  <properties>
[...]
</properties>
  <testcase name="utilidadesBD_debenFuncionar" classname="com.example.ticketero.integration.SetupValidationIT" time="5.047">
    <system-out><![CDATA[00:35:04.927 [main] INFO org.springframework.test.context.support.AnnotationConfigContextLoaderUtils -- Could not detect default configuration classes for test class [com.example.ticketero.integration.SetupValidationIT]: SetupValidationIT does not declare any static, non-private, non-final, nested classes annotated with @Configuration.
00:35:06.504 [main] INFO org.springframework.boot.test.context.SpringBootTestContextBootstrapper -- Found @SpringBootConfiguration com.example.ticketero.TicketeroApplication for test class com.example.ticketero.integration.SetupValidationIT

  .   ____          _            __ _ _
 /\\ / ___'_ __ _ _(_)_ __  __ _ \ \ \ \
( ( )\___ | '_ | '_| | '_ \/ _` | \ \ \ \
 \\/  ___)| |_)| | | | | || (_| |  ) ) ) )
  '  |____| .__|_| |_|_| |_\__, | / / / /
 =========|_|==============|___/=/_/_/_/
 :: Spring Boot ::               (v3.2.11)

2025-12-24T00:35:10.734Z  INFO 944 --- [           main] c.e.t.integration.SetupValidationIT      : Starting SetupValidationIT using Java 21.0.9 with PID 944 (started by root in /app)
2025-12-24T00:35:10.740Z  INFO 944 --- [           main] c.e.t.integration.SetupValidationIT      : The following 1 profile is active: "test"
2025-12-24T00:35:29.565Z  INFO 944 --- [           main] o.apache.catalina.core.StandardService   : Starting service [Tomcat]
2025-12-24T00:35:29.567Z  INFO 944 --- [           main] o.apache.catalina.core.StandardEngine    : Starting Servlet engine: [Apache Tomcat/10.1.31]
2025-12-24T00:35:29.954Z  INFO 944 --- [           main] o.a.c.c.C.[Tomcat].[localhost].[/api]    : Initializing Spring embedded WebApplicationContext
2025-12-24T00:35:31.275Z DEBUG 944 --- [           main] o.s.w.f.ServerHttpObservationFilter      : Filter 'webMvcObservationFilter' configured for use
2025-12-24T00:35:37.774Z  INFO 944 --- [           main] com.zaxxer.hikari.HikariDataSource       : HikariPool-1 - Starting...
2025-12-24T00:35:38.874Z  INFO 944 --- [           main] com.zaxxer.hikari.pool.HikariPool        : HikariPool-1 - Added connection org.postgresql.jdbc.PgConnection@6c4786af
2025-12-24T00:35:38.897Z  INFO 944 --- [           main] com.zaxxer.hikari.HikariDataSource       : HikariPool-1 - Start completed.
2025-12-24T00:35:39.228Z  WARN 944 --- [           main] org.hibernate.orm.deprecation            : HHH90000025: PostgreSQLDialect does not need to be specified explicitly using 'hibernate.dialect' (remove the property setting and it will be selected by default)
2025-12-24T00:35:49.764Z DEBUG 944 --- [           main] org.hibernate.SQL                        : alter table if exists mensaje drop constraint if exists FK3qn39n5gv723602ui00hno4q6
2025-12-24T00:35:49.786Z  WARN 944 --- [           main] o.h.engine.jdbc.spi.SqlExceptionHelper   : SQL Warning Code: 0, SQLState: 00000
2025-12-24T00:35:49.787Z  WARN 944 --- [           main] o.h.engine.jdbc.spi.SqlExceptionHelper   : relation "mensaje" does not exist, skipping
2025-12-24T00:35:49.787Z DEBUG 944 --- [           main] org.hibernate.SQL                        : alter table if exists ticket drop constraint if exists FKjg0b5opj7k40seodv6nu2yg0o
2025-12-24T00:35:49.789Z  WARN 944 --- [           main] o.h.engine.jdbc.spi.SqlExceptionHelper   : SQL Warning Code: 0, SQLState: 00000
2025-12-24T00:35:49.790Z  WARN 944 --- [           main] o.h.engine.jdbc.spi.SqlExceptionHelper   : relation "ticket" does not exist, skipping
2025-12-24T00:35:49.790Z DEBUG 944 --- [           main] org.hibernate.SQL                        : alter table if exists ticket drop constraint if exists FK5uy1hjp8fd85yq09gqoyuh360
2025-12-24T00:35:49.792Z  WARN 944 --- [           main] o.h.engine.jdbc.spi.SqlExceptionHelper   : SQL Warning Code: 0, SQLState: 00000
2025-12-24T00:35:49.792Z  WARN 944 --- [           main] o.h.engine.jdbc.spi.SqlExceptionHelper   : relation "ticket" does not exist, skipping
2025-12-24T00:35:49.793Z DEBUG 944 --- [           main] org.hibernate.SQL                        : drop table if exists advisor cascade
2025-12-24T00:35:49.794Z  WARN 944 --- [           main] o.h.engine.jdbc.spi.SqlExceptionHelper   : SQL Warning Code: 0, SQLState: 00000
2025-12-24T00:35:49.795Z  WARN 944 --- [           main] o.h.engine.jdbc.spi.SqlExceptionHelper   : table "advisor" does not exist, skipping
2025-12-24T00:35:49.795Z DEBUG 944 --- [           main] org.hibernate.SQL                        : drop table if exists audit_log cascade
2025-12-24T00:35:49.797Z  WARN 944 --- [           main] o.h.engine.jdbc.spi.SqlExceptionHelper   : SQL Warning Code: 0, SQLState: 00000
2025-12-24T00:35:49.797Z  WARN 944 --- [           main] o.h.engine.jdbc.spi.SqlExceptionHelper   : table "audit_log" does not exist, skipping
2025-12-24T00:35:49.797Z DEBUG 944 --- [           main] org.hibernate.SQL                        : drop table if exists cliente cascade
2025-12-24T00:35:49.799Z  WARN 944 --- [           main] o.h.engine.jdbc.spi.SqlExceptionHelper   : SQL Warning Code: 0, SQLState: 00000
2025-12-24T00:35:49.799Z  WARN 944 --- [           main] o.h.engine.jdbc.spi.SqlExceptionHelper   : table "cliente" does not exist, skipping
2025-12-24T00:35:49.799Z DEBUG 944 --- [           main] org.hibernate.SQL                        : drop table if exists mensaje cascade
2025-12-24T00:35:49.801Z  WARN 944 --- [           main] o.h.engine.jdbc.spi.SqlExceptionHelper   : SQL Warning Code: 0, SQLState: 00000
2025-12-24T00:35:49.802Z  WARN 944 --- [           main] o.h.engine.jdbc.spi.SqlExceptionHelper   : table "mensaje" does not exist, skipping
2025-12-24T00:35:49.802Z DEBUG 944 --- [           main] org.hibernate.SQL                        : drop table if exists ticket cascade
2025-12-24T00:35:49.804Z  WARN 944 --- [           main] o.h.engine.jdbc.spi.SqlExceptionHelper   : SQL Warning Code: 0, SQLState: 00000
2025-12-24T00:35:49.804Z  WARN 944 --- [           main] o.h.engine.jdbc.spi.SqlExceptionHelper   : table "ticket" does not exist, skipping
2025-12-24T00:35:49.857Z DEBUG 944 --- [           main] org.hibernate.SQL                        : create table advisor (assigned_tickets_count integer not null, module_number integer not null, created_at timestamp(6) not null, id bigserial not null, updated_at timestamp(6) not null, status varchar(20) not null check (status in ('AVAILABLE','BUSY','OFFLINE')), email varchar(100) not null unique, name varchar(100) not null, primary key (id))
2025-12-24T00:35:50.011Z DEBUG 944 --- [           main] org.hibernate.SQL                        : create table audit_log (id bigserial not null, timestamp timestamp(6) not null, entity_id varchar(50) not null, entity_type varchar(50) not null, tipo_evento varchar(50) not null, actor varchar(100) not null, ip_address varchar(255), cambios_estado jsonb, detalles_adicionales jsonb, primary key (id))
2025-12-24T00:35:50.195Z DEBUG 944 --- [           main] org.hibernate.SQL                        : create table cliente (fecha_nacimiento date, created_at timestamp(6) not null, id bigserial not null, updated_at timestamp(6), national_id varchar(20) not null unique, telefono varchar(20), apellido varchar(100) not null, email varchar(100), nombre varchar(100) not null, primary key (id))
2025-12-24T00:35:50.329Z DEBUG 944 --- [           main] org.hibernate.SQL                        : create table mensaje (intentos integer not null, created_at timestamp(6) not null, fecha_envio timestamp(6), fecha_programada timestamp(6) not null, id bigserial not null, ticket_id bigint not null, estado_envio varchar(20) not null check (estado_envio in ('PENDIENTE','ENVIADO','FALLIDO')), plantilla varchar(50) not null check (plantilla in ('TOTEM_TICKET_CREADO','TOTEM_PROXIMO_TURNO','TOTEM_ES_TU_TURNO')), telegram_message_id varchar(50), primary key (id))
2025-12-24T00:35:50.415Z DEBUG 944 --- [           main] org.hibernate.SQL                        : create table ticket (assigned_module_number integer, estimated_wait_minutes integer not null, position_in_queue integer not null, assigned_advisor_id bigint, cliente_id bigint not null, created_at timestamp(6) not null, id bigserial not null, updated_at timestamp(6) not null, numero varchar(10) not null unique, codigo_referencia uuid not null unique, queue_type varchar(20) not null check (queue_type in ('CAJA','PERSONAL_BANKER','EMPRESAS','GERENCIA')), status varchar(20) not null check (status in ('EN_ESPERA','PROXIMO','ATENDIENDO','COMPLETADO','CANCELADO','NO_ATENDIDO')), branch_office varchar(100) not null, primary key (id))
2025-12-24T00:35:50.647Z DEBUG 944 --- [           main] org.hibernate.SQL                        : alter table if exists mensaje add constraint FK3qn39n5gv723602ui00hno4q6 foreign key (ticket_id) references ticket
2025-12-24T00:35:50.682Z DEBUG 944 --- [           main] org.hibernate.SQL                        : alter table if exists ticket add constraint FKjg0b5opj7k40seodv6nu2yg0o foreign key (assigned_advisor_id) references advisor
2025-12-24T00:35:50.718Z DEBUG 944 --- [           main] org.hibernate.SQL                        : alter table if exists ticket add constraint FK5uy1hjp8fd85yq09gqoyuh360 foreign key (cliente_id) references cliente
2025-12-24T00:35:58.307Z  WARN 944 --- [           main] JpaBaseConfiguration$JpaWebConfiguration : spring.jpa.open-in-view is enabled by default. Therefore, database queries may be performed during view rendering. Explicitly configure spring.jpa.open-in-view to disable this warning
2025-12-24T00:35:59.084Z DEBUG 944 --- [           main] s.w.s.m.m.a.RequestMappingHandlerMapping : 13 mappings in 'requestMappingHandlerMapping'
2025-12-24T00:36:00.546Z DEBUG 944 --- [           main] o.s.w.s.handler.SimpleUrlHandlerMapping  : Patterns [/webjars/**, /**] in 'resourceHandlerMapping'
2025-12-24T00:36:00.862Z DEBUG 944 --- [           main] s.w.s.m.m.a.RequestMappingHandlerAdapter : ControllerAdvice beans: 0 @ModelAttribute, 0 @InitBinder, 1 RequestBodyAdvice, 1 ResponseBodyAdvice
2025-12-24T00:36:01.305Z DEBUG 944 --- [           main] .m.m.a.ExceptionHandlerExceptionResolver : ControllerAdvice beans: 1 @ExceptionHandler, 1 ResponseBodyAdvice
2025-12-24T00:36:05.869Z  INFO 944 --- [           main] c.e.t.integration.SetupValidationIT      : Started SetupValidationIT in 57.94 seconds (process running for 64.809)
2025-12-24T00:36:06.748Z DEBUG 944 --- [   scheduling-1] org.hibernate.SQL                        : /* SELECT m FROM Mensaje m
WHERE m.estadoEnvio = :estado
AND m.fechaProgramada <= :fecha
ORDER BY m.fechaProgramada ASC
 */ select m1_0.id,m1_0.created_at,m1_0.estado_envio,m1_0.fecha_envio,m1_0.fecha_programada,m1_0.intentos,m1_0.plantilla,m1_0.telegram_message_id,m1_0.ticket_id from mensaje m1_0 where m1_0.estado_envio=? and m1_0.fecha_programada<=? order by m1_0.fecha_programada
2025-12-24T00:36:06.902Z DEBUG 944 --- [   scheduling-1] org.hibernate.SQL                        : /* SELECT t FROM Ticket t
JOIN FETCH t.cliente
WHERE t.status = :status
ORDER BY t.createdAt ASC
 */ select t1_0.id,t1_0.assigned_advisor_id,t1_0.assigned_module_number,t1_0.branch_office,t1_0.cliente_id,c1_0.id,c1_0.apellido,c1_0.created_at,c1_0.email,c1_0.fecha_nacimiento,c1_0.national_id,c1_0.nombre,c1_0.telefono,c1_0.updated_at,t1_0.codigo_referencia,t1_0.created_at,t1_0.estimated_wait_minutes,t1_0.numero,t1_0.position_in_queue,t1_0.queue_type,t1_0.status,t1_0.updated_at from ticket t1_0 join cliente c1_0 on c1_0.id=t1_0.cliente_id where t1_0.status=? order by t1_0.created_at
2025-12-24T00:36:06.916Z DEBUG 944 --- [   scheduling-1] org.hibernate.SQL                        : /* SELECT t FROM Ticket t
JOIN FETCH t.cliente
WHERE t.status = :status
ORDER BY t.createdAt ASC
 */ select t1_0.id,t1_0.assigned_advisor_id,t1_0.assigned_module_number,t1_0.branch_office,t1_0.cliente_id,c1_0.id,c1_0.apellido,c1_0.created_at,c1_0.email,c1_0.fecha_nacimiento,c1_0.national_id,c1_0.nombre,c1_0.telefono,c1_0.updated_at,t1_0.codigo_referencia,t1_0.created_at,t1_0.estimated_wait_minutes,t1_0.numero,t1_0.position_in_queue,t1_0.queue_type,t1_0.status,t1_0.updated_at from ticket t1_0 join cliente c1_0 on c1_0.id=t1_0.cliente_id where t1_0.status=? order by t1_0.created_at
2025-12-24T00:36:10.867Z DEBUG 944 --- [   scheduling-1] org.hibernate.SQL                        : /* SELECT t FROM Ticket t
JOIN FETCH t.cliente
WHERE t.status = :status
ORDER BY t.createdAt ASC
 */ select t1_0.id,t1_0.assigned_advisor_id,t1_0.assigned_module_number,t1_0.branch_office,t1_0.cliente_id,c1_0.id,c1_0.apellido,c1_0.created_at,c1_0.email,c1_0.fecha_nacimiento,c1_0.national_id,c1_0.nombre,c1_0.telefono,c1_0.updated_at,t1_0.codigo_referencia,t1_0.created_at,t1_0.estimated_wait_minutes,t1_0.numero,t1_0.position_in_queue,t1_0.queue_type,t1_0.status,t1_0.updated_at from ticket t1_0 join cliente c1_0 on c1_0.id=t1_0.cliente_id where t1_0.status=? order by t1_0.created_at
2025-12-24T00:36:10.872Z DEBUG 944 --- [   scheduling-1] org.hibernate.SQL                        : /* SELECT t FROM Ticket t
JOIN FETCH t.cliente
WHERE t.status = :status
ORDER BY t.createdAt ASC
 */ select t1_0.id,t1_0.assigned_advisor_id,t1_0.assigned_module_number,t1_0.branch_office,t1_0.cliente_id,c1_0.id,c1_0.apellido,c1_0.created_at,c1_0.email,c1_0.fecha_nacimiento,c1_0.national_id,c1_0.nombre,c1_0.telefono,c1_0.updated_at,t1_0.codigo_referencia,t1_0.created_at,t1_0.estimated_wait_minutes,t1_0.numero,t1_0.position_in_queue,t1_0.queue_type,t1_0.status,t1_0.updated_at from ticket t1_0 join cliente c1_0 on c1_0.id=t1_0.cliente_id where t1_0.status=? order by t1_0.created_at
]]></system-out>
    <system-err><![CDATA[WARNING: A Java agent has been loaded dynamically (/root/.m2/repository/net/bytebuddy/byte-buddy-agent/1.14.19/byte-buddy-agent-1.14.19.jar)
WARNING: If a serviceability tool is in use, please run with -XX:+EnableDynamicAgentLoading to hide this warning
WARNING: If a serviceability tool is not in use, please run with -Djdk.instrument.traceUsage for more information
WARNING: Dynamic loading of agents will be disallowed by default in a future release
]]></system-err>
  </testcase>
  <testcase name="restAssured_debeEstarConfigurado" classname="com.example.ticketero.integration.SetupValidationIT" time="0.189"/>
  <testcase name="postgresDockerizado_debeEstarFuncionando" classname="com.example.ticketero.integration.SetupValidationIT" time="0.022"/>
</testsuite>