<?xml version="1.0" encoding="UTF-8"?>
<testsuite xmlns:xsi="http://www.w3.org/2001/XMLSchema-instance" xsi:noNamespaceSchemaLocation="https://maven.apache.org/surefire/maven-surefire-plugin/xsd/surefire-test-report-3.0.xsd" version="3.0" name="com.example.ticketero.integration.TicketIntegrationTest" time="74.777" tests="3" errors="0" skipped="0" failures="0">
  <properties>
[...]
</properties>
  <testcase name="createTicket_clienteInexistente_debeRetornar400" classname="com.example.ticketero.integration.TicketIntegrationTest" time="6.78">
    <system-out><![CDATA[23:36:04.895 [main] INFO org.springframework.test.context.support.AnnotationConfigContextLoaderUtils -- Could not detect default configuration classes for test class [com.example.ticketero.integration.TicketIntegrationTest]: TicketIntegrationTest does not declare any static, non-private, non-final, nested classes annotated with @Configuration.
23:36:06.375 [main] INFO org.springframework.boot.test.context.SpringBootTestContextBootstrapper -- Found @SpringBootConfiguration com.example.ticketero.TicketeroApplication for test class com.example.ticketero.integration.TicketIntegrationTest

  .   ____          _            __ _ _
 /\\ / ___'_ __ _ _(_)_ __  __ _ \ \ \ \
( ( )\___ | '_ | '_| | '_ \/ _` | \ \ \ \
 \\/  ___)| |_)| | | | | || (_| |  ) ) ) )
  '  |____| .__|_| |_|_| |_\__, | / / / /
 =========|_|==============|___/=/_/_/_/
 :: Spring Boot ::               (v3.2.11)

2025-12-23T23:36:10.829Z  INFO 3102 --- [ticketero-api-test] [           main] c.e.t.integration.TicketIntegrationTest  : Starting TicketIntegrationTest using Java 21.0.9 with PID 3102 (started by root in /app)
2025-12-23T23:36:10.834Z DEBUG 3102 --- [ticketero-api-test] [           main] c.e.t.integration.TicketIntegrationTest  : Running with Spring Boot v3.2.11, Spring v6.1.14
2025-12-23T23:36:10.836Z  INFO 3102 --- [ticketero-api-test] [           main] c.e.t.integration.TicketIntegrationTest  : The following 1 profile is active: "test"
2025-12-23T23:36:11.107Z DEBUG 3102 --- [ticketero-api-test] [           main] o.s.w.c.s.GenericWebApplicationContext   : Refreshing org.springframework.web.context.support.GenericWebApplicationContext@607b2792
2025-12-23T23:36:22.075Z  INFO 3102 --- [ticketero-api-test] [           main] .s.d.r.c.RepositoryConfigurationDelegate : Bootstrapping Spring Data JPA repositories in DEFAULT mode.
2025-12-23T23:36:23.364Z  INFO 3102 --- [ticketero-api-test] [           main] .s.d.r.c.RepositoryConfigurationDelegate : Finished Spring Data repository scanning in 1220 ms. Found 5 JPA repository interfaces.
2025-12-23T23:36:29.278Z  INFO 3102 --- [ticketero-api-test] [           main] o.hibernate.jpa.internal.util.LogHelper  : HHH000204: Processing PersistenceUnitInfo [name: default]
2025-12-23T23:36:30.346Z  INFO 3102 --- [ticketero-api-test] [           main] org.hibernate.Version                    : HHH000412: Hibernate ORM core version 6.4.10.Final
2025-12-23T23:36:30.759Z  INFO 3102 --- [ticketero-api-test] [           main] o.h.c.internal.RegionFactoryInitiator    : HHH000026: Second-level cache disabled
2025-12-23T23:36:34.637Z  INFO 3102 --- [ticketero-api-test] [           main] o.s.o.j.p.SpringPersistenceUnitInfo      : No LoadTimeWeaver setup: ignoring JPA class transformer
2025-12-23T23:36:34.989Z  INFO 3102 --- [ticketero-api-test] [           main] com.zaxxer.hikari.HikariDataSource       : HikariPool-1 - Starting...
2025-12-23T23:36:37.516Z  INFO 3102 --- [ticketero-api-test] [           main] com.zaxxer.hikari.pool.HikariPool        : HikariPool-1 - Added connection conn0: url=jdbc:h2:mem:testdb user=SA
2025-12-23T23:36:37.540Z  INFO 3102 --- [ticketero-api-test] [           main] com.zaxxer.hikari.HikariDataSource       : HikariPool-1 - Start completed.
2025-12-23T23:36:37.829Z  WARN 3102 --- [ticketero-api-test] [           main] org.hibernate.orm.deprecation            : HHH90000025: H2Dialect does not need to be specified explicitly using 'hibernate.dialect' (remove the property setting and it will be selected by default)
2025-12-23T23:36:49.163Z  INFO 3102 --- [ticketero-api-test] [           main] o.h.e.t.j.p.i.JtaPlatformInitiator       : HHH000489: No JTA platform available (set 'hibernate.transaction.jta.platform' to enable JTA platform integration)
2025-12-23T23:36:49.366Z DEBUG 3102 --- [ticketero-api-test] [           main] org.hibernate.SQL                        : 
    drop table if exists advisor cascade 
Hibernate: 
    drop table if exists advisor cascade 
2025-12-23T23:36:49.408Z DEBUG 3102 --- [ticketero-api-test] [           main] org.hibernate.SQL                        : 
    drop table if exists audit_log cascade 
Hibernate: 
    drop table if exists audit_log cascade 
2025-12-23T23:36:49.414Z DEBUG 3102 --- [ticketero-api-test] [           main] org.hibernate.SQL                        : 
    drop table if exists cliente cascade 
Hibernate: 
    drop table if exists cliente cascade 
2025-12-23T23:36:49.415Z DEBUG 3102 --- [ticketero-api-test] [           main] org.hibernate.SQL                        : 
    drop table if exists mensaje cascade 
Hibernate: 
    drop table if exists mensaje cascade 
2025-12-23T23:36:49.416Z DEBUG 3102 --- [ticketero-api-test] [           main] org.hibernate.SQL                        : 
    drop table if exists ticket cascade 
Hibernate: 
    drop table if exists ticket cascade 
2025-12-23T23:36:49.480Z DEBUG 3102 --- [ticketero-api-test] [           main] org.hibernate.SQL                        : 
    create table advisor (
        assigned_tickets_count integer not null,
        module_number integer not null,
        created_at timestamp(6) not null,
        id bigint generated by default as identity,
        updated_at timestamp(6) not null,
        status varchar(20) not null check (status in ('AVAILABLE','BUSY','OFFLINE')),
        email varchar(100) not null unique,
        name varchar(100) not null,
        primary key (id)
    )
Hibernate: 
    create table advisor (
        assigned_tickets_count integer not null,
        module_number integer not null,
        created_at timestamp(6) not null,
        id bigint generated by default as identity,
        updated_at timestamp(6) not null,
        status varchar(20) not null check (status in ('AVAILABLE','BUSY','OFFLINE')),
        email varchar(100) not null unique,
        name varchar(100) not null,
        primary key (id)
    )
2025-12-23T23:36:49.573Z DEBUG 3102 --- [ticketero-api-test] [           main] org.hibernate.SQL                        : 
    create table audit_log (
        id bigint generated by default as identity,
        timestamp timestamp(6) not null,
        entity_id varchar(50) not null,
        entity_type varchar(50) not null,
        tipo_evento varchar(50) not null,
        actor varchar(100) not null,
        ip_address varchar(255),
        cambios_estado json,
        detalles_adicionales json,
        primary key (id)
    )
Hibernate: 
    create table audit_log (
        id bigint generated by default as identity,
        timestamp timestamp(6) not null,
        entity_id varchar(50) not null,
        entity_type varchar(50) not null,
        tipo_evento varchar(50) not null,
        actor varchar(100) not null,
        ip_address varchar(255),
        cambios_estado json,
        detalles_adicionales json,
        primary key (id)
    )
2025-12-23T23:36:49.580Z DEBUG 3102 --- [ticketero-api-test] [           main] org.hibernate.SQL                        : 
    create table cliente (
        fecha_nacimiento date,
        created_at timestamp(6) not null,
        id bigint generated by default as identity,
        updated_at timestamp(6),
        national_id varchar(20) not null unique,
        telefono varchar(20),
        apellido varchar(100) not null,
        email varchar(100),
        nombre varchar(100) not null,
        primary key (id)
    )
Hibernate: 
    create table cliente (
        fecha_nacimiento date,
        created_at timestamp(6) not null,
        id bigint generated by default as identity,
        updated_at timestamp(6),
        national_id varchar(20) not null unique,
        telefono varchar(20),
        apellido varchar(100) not null,
        email varchar(100),
        nombre varchar(100) not null,
        primary key (id)
    )
2025-12-23T23:36:49.586Z DEBUG 3102 --- [ticketero-api-test] [           main] org.hibernate.SQL                        : 
    create table mensaje (
        intentos integer not null,
        created_at timestamp(6) not null,
        fecha_envio timestamp(6),
        fecha_programada timestamp(6) not null,
        id bigint generated by default as identity,
        ticket_id bigint not null,
        estado_envio varchar(20) not null check (estado_envio in ('PENDIENTE','ENVIADO','FALLIDO')),
        plantilla varchar(50) not null check (plantilla in ('TOTEM_TICKET_CREADO','TOTEM_PROXIMO_TURNO','TOTEM_ES_TU_TURNO')),
        telegram_message_id varchar(50),
        primary key (id)
    )
Hibernate: 
    create table mensaje (
        intentos integer not null,
        created_at timestamp(6) not null,
        fecha_envio timestamp(6),
        fecha_programada timestamp(6) not null,
        id bigint generated by default as identity,
        ticket_id bigint not null,
        estado_envio varchar(20) not null check (estado_envio in ('PENDIENTE','ENVIADO','FALLIDO')),
        plantilla varchar(50) not null check (plantilla in ('TOTEM_TICKET_CREADO','TOTEM_PROXIMO_TURNO','TOTEM_ES_TU_TURNO')),
        telegram_message_id varchar(50),
        primary key (id)
    )
2025-12-23T23:36:49.591Z DEBUG 3102 --- [ticketero-api-test] [           main] org.hibernate.SQL                        : 
    create table ticket (
        assigned_module_number integer,
        estimated_wait_minutes integer not null,
        position_in_queue integer not null,
        assigned_advisor_id bigint,
        cliente_id bigint not null,
        created_at timestamp(6) not null,
        id bigint generated by default as identity,
        updated_at timestamp(6) not null,
        numero varchar(10) not null unique,
        codigo_referencia uuid not null unique,
        queue_type varchar(20) not null check (queue_type in ('CAJA','PERSONAL_BANKER','EMPRESAS','GERENCIA')),
        status varchar(20) not null check (status in ('EN_ESPERA','PROXIMO','ATENDIENDO','COMPLETADO','CANCELADO','NO_ATENDIDO')),
        branch_office varchar(100) not null,
        primary key (id)
    )
Hibernate: 
    create table ticket (
        assigned_module_number integer,
        estimated_wait_minutes integer not null,
        position_in_queue integer not null,
        assigned_advisor_id bigint,
        cliente_id bigint not null,
        created_at timestamp(6) not null,
        id bigint generated by default as identity,
        updated_at timestamp(6) not null,
        numero varchar(10) not null unique,
        codigo_referencia uuid not null unique,
        queue_type varchar(20) not null check (queue_type in ('CAJA','PERSONAL_BANKER','EMPRESAS','GERENCIA')),
        status varchar(20) not null check (status in ('EN_ESPERA','PROXIMO','ATENDIENDO','COMPLETADO','CANCELADO','NO_ATENDIDO')),
        branch_office varchar(100) not null,
        primary key (id)
    )
2025-12-23T23:36:49.597Z DEBUG 3102 --- [ticketero-api-test] [           main] org.hibernate.SQL                        : 
    alter table if exists mensaje 
       add constraint FK3qn39n5gv723602ui00hno4q6 
       foreign key (ticket_id) 
       references ticket
Hibernate: 
    alter table if exists mensaje 
       add constraint FK3qn39n5gv723602ui00hno4q6 
       foreign key (ticket_id) 
       references ticket
2025-12-23T23:36:49.672Z DEBUG 3102 --- [ticketero-api-test] [           main] org.hibernate.SQL                        : 
    alter table if exists ticket 
       add constraint FKjg0b5opj7k40seodv6nu2yg0o 
       foreign key (assigned_advisor_id) 
       references advisor
Hibernate: 
    alter table if exists ticket 
       add constraint FKjg0b5opj7k40seodv6nu2yg0o 
       foreign key (assigned_advisor_id) 
       references advisor
2025-12-23T23:36:49.676Z DEBUG 3102 --- [ticketero-api-test] [           main] org.hibernate.SQL                        : 
    alter table if exists ticket 
       add constraint FK5uy1hjp8fd85yq09gqoyuh360 
       foreign key (cliente_id) 
       references cliente
Hibernate: 
    alter table if exists ticket 
       add constraint FK5uy1hjp8fd85yq09gqoyuh360 
       foreign key (cliente_id) 
       references cliente
2025-12-23T23:36:49.721Z  INFO 3102 --- [ticketero-api-test] [           main] j.LocalContainerEntityManagerFactoryBean : Initialized JPA EntityManagerFactory for persistence unit 'default'
2025-12-23T23:36:53.518Z  INFO 3102 --- [ticketero-api-test] [           main] o.s.d.j.r.query.QueryEnhancerFactory     : Hibernate is in classpath; If applicable, HQL parser will be used.
2025-12-23T23:37:00.363Z  WARN 3102 --- [ticketero-api-test] [           main] JpaBaseConfiguration$JpaWebConfiguration : spring.jpa.open-in-view is enabled by default. Therefore, database queries may be performed during view rendering. Explicitly configure spring.jpa.open-in-view to disable this warning
2025-12-23T23:37:01.483Z DEBUG 3102 --- [ticketero-api-test] [           main] s.w.s.m.m.a.RequestMappingHandlerMapping : 13 mappings in 'requestMappingHandlerMapping'
2025-12-23T23:37:03.352Z DEBUG 3102 --- [ticketero-api-test] [           main] o.s.w.s.handler.SimpleUrlHandlerMapping  : Patterns [/webjars/**, /**] in 'resourceHandlerMapping'
2025-12-23T23:37:03.713Z DEBUG 3102 --- [ticketero-api-test] [           main] s.w.s.m.m.a.RequestMappingHandlerAdapter : ControllerAdvice beans: 0 @ModelAttribute, 0 @InitBinder, 1 RequestBodyAdvice, 1 ResponseBodyAdvice
2025-12-23T23:37:04.075Z DEBUG 3102 --- [ticketero-api-test] [           main] .m.m.a.ExceptionHandlerExceptionResolver : ControllerAdvice beans: 1 @ExceptionHandler, 1 ResponseBodyAdvice
2025-12-23T23:37:08.358Z  INFO 3102 --- [ticketero-api-test] [           main] o.s.b.a.h2.H2ConsoleAutoConfiguration    : H2 console available at '/h2-console'. Database available at 'jdbc:h2:mem:testdb'
2025-12-23T23:37:08.698Z DEBUG 3102 --- [ticketero-api-test] [           main] o.s.w.f.ServerHttpObservationFilter      : Filter 'webMvcObservationFilter' configured for use
2025-12-23T23:37:08.703Z  INFO 3102 --- [ticketero-api-test] [           main] o.s.b.t.m.w.SpringBootMockServletContext : Initializing Spring TestDispatcherServlet ''
2025-12-23T23:37:08.703Z  INFO 3102 --- [ticketero-api-test] [           main] o.s.t.web.servlet.TestDispatcherServlet  : Initializing Servlet ''
2025-12-23T23:37:08.736Z  INFO 3102 --- [ticketero-api-test] [           main] o.s.b.a.e.web.EndpointLinksResolver      : Exposing 3 endpoint(s) beneath base path '/actuator'
2025-12-23T23:37:08.975Z  INFO 3102 --- [ticketero-api-test] [           main] o.s.t.web.servlet.TestDispatcherServlet  : Completed initialization in 269 ms
2025-12-23T23:37:09.347Z  INFO 3102 --- [ticketero-api-test] [           main] c.e.t.integration.TicketIntegrationTest  : Started TicketIntegrationTest in 61.543 seconds (process running for 68.888)
2025-12-23T23:37:10.232Z DEBUG 3102 --- [ticketero-api-test] [   scheduling-1] org.hibernate.SQL                        : 
    /* SELECT
        m 
    FROM
        Mensaje m 
    WHERE
        m.estadoEnvio = :estado 
        AND m.fechaProgramada <= :fecha 
    ORDER BY
        m.fechaProgramada ASC  */ select
            m1_0.id,
            m1_0.created_at,
            m1_0.estado_envio,
            m1_0.fecha_envio,
            m1_0.fecha_programada,
            m1_0.intentos,
            m1_0.plantilla,
            m1_0.telegram_message_id,
            m1_0.ticket_id 
        from
            mensaje m1_0 
        where
            m1_0.estado_envio=? 
            and m1_0.fecha_programada<=? 
        order by
            m1_0.fecha_programada
Hibernate: 
    /* SELECT
        m 
    FROM
        Mensaje m 
    WHERE
        m.estadoEnvio = :estado 
        AND m.fechaProgramada <= :fecha 
    ORDER BY
        m.fechaProgramada ASC  */ select
            m1_0.id,
            m1_0.created_at,
            m1_0.estado_envio,
            m1_0.fecha_envio,
            m1_0.fecha_programada,
            m1_0.intentos,
            m1_0.plantilla,
            m1_0.telegram_message_id,
            m1_0.ticket_id 
        from
            mensaje m1_0 
        where
            m1_0.estado_envio=? 
            and m1_0.fecha_programada<=? 
        order by
            m1_0.fecha_programada
2025-12-23T23:37:10.424Z DEBUG 3102 --- [ticketero-api-test] [   scheduling-1] org.hibernate.SQL                        : 
    /* SELECT
        t 
    FROM
        Ticket t 
    JOIN
        
    FETCH
        t.cliente 
    WHERE
        t.status = :status 
    ORDER BY
        t.createdAt ASC  */ select
            t1_0.id,
            t1_0.assigned_advisor_id,
            t1_0.assigned_module_number,
            t1_0.branch_office,
            t1_0.cliente_id,
            c1_0.id,
            c1_0.apellido,
            c1_0.created_at,
            c1_0.email,
            c1_0.fecha_nacimiento,
            c1_0.national_id,
            c1_0.nombre,
            c1_0.telefono,
            c1_0.updated_at,
            t1_0.codigo_referencia,
            t1_0.created_at,
            t1_0.estimated_wait_minutes,
            t1_0.numero,
            t1_0.position_in_queue,
            t1_0.queue_type,
            t1_0.status,
            t1_0.updated_at 
        from
            ticket t1_0 
        join
            cliente c1_0 
                on c1_0.id=t1_0.cliente_id 
        where
            t1_0.status=? 
        order by
            t1_0.created_at
Hibernate: 
    /* SELECT
        t 
    FROM
        Ticket t 
    JOIN
        
    FETCH
        t.cliente 
    WHERE
        t.status = :status 
    ORDER BY
        t.createdAt ASC  */ select
            t1_0.id,
            t1_0.assigned_advisor_id,
            t1_0.assigned_module_number,
            t1_0.branch_office,
            t1_0.cliente_id,
            c1_0.id,
            c1_0.apellido,
            c1_0.created_at,
            c1_0.email,
            c1_0.fecha_nacimiento,
            c1_0.national_id,
            c1_0.nombre,
            c1_0.telefono,
            c1_0.updated_at,
            t1_0.codigo_referencia,
            t1_0.created_at,
            t1_0.estimated_wait_minutes,
            t1_0.numero,
            t1_0.position_in_queue,
            t1_0.queue_type,
            t1_0.status,
            t1_0.updated_at 
        from
            ticket t1_0 
        join
            cliente c1_0 
                on c1_0.id=t1_0.cliente_id 
        where
            t1_0.status=? 
        order by
            t1_0.created_at
2025-12-23T23:37:10.443Z DEBUG 3102 --- [ticketero-api-test] [   scheduling-1] org.hibernate.SQL                        : 
    /* SELECT
        t 
    FROM
        Ticket t 
    JOIN
        
    FETCH
        t.cliente 
    WHERE
        t.status = :status 
    ORDER BY
        t.createdAt ASC  */ select
            t1_0.id,
            t1_0.assigned_advisor_id,
            t1_0.assigned_module_number,
            t1_0.branch_office,
            t1_0.cliente_id,
            c1_0.id,
            c1_0.apellido,
            c1_0.created_at,
            c1_0.email,
            c1_0.fecha_nacimiento,
            c1_0.national_id,
            c1_0.nombre,
            c1_0.telefono,
            c1_0.updated_at,
            t1_0.codigo_referencia,
            t1_0.created_at,
            t1_0.estimated_wait_minutes,
            t1_0.numero,
            t1_0.position_in_queue,
            t1_0.queue_type,
            t1_0.status,
            t1_0.updated_at 
        from
            ticket t1_0 
        join
            cliente c1_0 
                on c1_0.id=t1_0.cliente_id 
        where
            t1_0.status=? 
        order by
            t1_0.created_at
Hibernate: 
    /* SELECT
        t 
    FROM
        Ticket t 
    JOIN
        
    FETCH
        t.cliente 
    WHERE
        t.status = :status 
    ORDER BY
        t.createdAt ASC  */ select
            t1_0.id,
            t1_0.assigned_advisor_id,
            t1_0.assigned_module_number,
            t1_0.branch_office,
            t1_0.cliente_id,
            c1_0.id,
            c1_0.apellido,
            c1_0.created_at,
            c1_0.email,
            c1_0.fecha_nacimiento,
            c1_0.national_id,
            c1_0.nombre,
            c1_0.telefono,
            c1_0.updated_at,
            t1_0.codigo_referencia,
            t1_0.created_at,
            t1_0.estimated_wait_minutes,
            t1_0.numero,
            t1_0.position_in_queue,
            t1_0.queue_type,
            t1_0.status,
            t1_0.updated_at 
        from
            ticket t1_0 
        join
            cliente c1_0 
                on c1_0.id=t1_0.cliente_id 
        where
            t1_0.status=? 
        order by
            t1_0.created_at
2025-12-23T23:37:13.247Z DEBUG 3102 --- [ticketero-api-test] [           main] org.hibernate.SQL                        : 
    select
        c1_0.id,
        c1_0.apellido,
        c1_0.created_at,
        c1_0.email,
        c1_0.fecha_nacimiento,
        c1_0.national_id,
        c1_0.nombre,
        c1_0.telefono,
        c1_0.updated_at,
        t1_0.cliente_id,
        t1_0.id,
        t1_0.assigned_advisor_id,
        t1_0.assigned_module_number,
        t1_0.branch_office,
        t1_0.codigo_referencia,
        t1_0.created_at,
        t1_0.estimated_wait_minutes,
        t1_0.numero,
        t1_0.position_in_queue,
        t1_0.queue_type,
        t1_0.status,
        t1_0.updated_at 
    from
        cliente c1_0 
    left join
        ticket t1_0 
            on c1_0.id=t1_0.cliente_id 
    where
        c1_0.id=?
Hibernate: 
    select
        c1_0.id,
        c1_0.apellido,
        c1_0.created_at,
        c1_0.email,
        c1_0.fecha_nacimiento,
        c1_0.national_id,
        c1_0.nombre,
        c1_0.telefono,
        c1_0.updated_at,
        t1_0.cliente_id,
        t1_0.id,
        t1_0.assigned_advisor_id,
        t1_0.assigned_module_number,
        t1_0.branch_office,
        t1_0.codigo_referencia,
        t1_0.created_at,
        t1_0.estimated_wait_minutes,
        t1_0.numero,
        t1_0.position_in_queue,
        t1_0.queue_type,
        t1_0.status,
        t1_0.updated_at 
    from
        cliente c1_0 
    left join
        ticket t1_0 
            on c1_0.id=t1_0.cliente_id 
    where
        c1_0.id=?
2025-12-23T23:37:13.469Z DEBUG 3102 --- [ticketero-api-test] [           main] org.hibernate.SQL                        : 
    /* insert for
        com.example.ticketero.model.entity.Cliente */insert 
    into
        cliente (apellido, created_at, email, fecha_nacimiento, national_id, nombre, telefono, updated_at, id) 
    values
        (?, ?, ?, ?, ?, ?, ?, ?, default)
Hibernate: 
    /* insert for
        com.example.ticketero.model.entity.Cliente */insert 
    into
        cliente (apellido, created_at, email, fecha_nacimiento, national_id, nombre, telefono, updated_at, id) 
    values
        (?, ?, ?, ?, ?, ?, ?, ?, default)
2025-12-23T23:37:14.345Z DEBUG 3102 --- [ticketero-api-test] [   scheduling-1] org.hibernate.SQL                        : 
    /* SELECT
        t 
    FROM
        Ticket t 
    JOIN
        
    FETCH
        t.cliente 
    WHERE
        t.status = :status 
    ORDER BY
        t.createdAt ASC  */ select
            t1_0.id,
            t1_0.assigned_advisor_id,
            t1_0.assigned_module_number,
            t1_0.branch_office,
            t1_0.cliente_id,
            c1_0.id,
            c1_0.apellido,
            c1_0.created_at,
            c1_0.email,
            c1_0.fecha_nacimiento,
            c1_0.national_id,
            c1_0.nombre,
            c1_0.telefono,
            c1_0.updated_at,
            t1_0.codigo_referencia,
            t1_0.created_at,
            t1_0.estimated_wait_minutes,
            t1_0.numero,
            t1_0.position_in_queue,
            t1_0.queue_type,
            t1_0.status,
            t1_0.updated_at 
        from
            ticket t1_0 
        join
            cliente c1_0 
                on c1_0.id=t1_0.cliente_id 
        where
            t1_0.status=? 
        order by
            t1_0.created_at
Hibernate: 
    /* SELECT
        t 
    FROM
        Ticket t 
    JOIN
        
    FETCH
        t.cliente 
    WHERE
        t.status = :status 
    ORDER BY
        t.createdAt ASC  */ select
            t1_0.id,
            t1_0.assigned_advisor_id,
            t1_0.assigned_module_number,
            t1_0.branch_office,
            t1_0.cliente_id,
            c1_0.id,
            c1_0.apellido,
            c1_0.created_at,
            c1_0.email,
            c1_0.fecha_nacimiento,
            c1_0.national_id,
            c1_0.nombre,
            c1_0.telefono,
            c1_0.updated_at,
            t1_0.codigo_referencia,
            t1_0.created_at,
            t1_0.estimated_wait_minutes,
            t1_0.numero,
            t1_0.position_in_queue,
            t1_0.queue_type,
            t1_0.status,
            t1_0.updated_at 
        from
            ticket t1_0 
        join
            cliente c1_0 
                on c1_0.id=t1_0.cliente_id 
        where
            t1_0.status=? 
        order by
            t1_0.created_at
2025-12-23T23:37:14.349Z DEBUG 3102 --- [ticketero-api-test] [   scheduling-1] org.hibernate.SQL                        : 
    /* SELECT
        t 
    FROM
        Ticket t 
    JOIN
        
    FETCH
        t.cliente 
    WHERE
        t.status = :status 
    ORDER BY
        t.createdAt ASC  */ select
            t1_0.id,
            t1_0.assigned_advisor_id,
            t1_0.assigned_module_number,
            t1_0.branch_office,
            t1_0.cliente_id,
            c1_0.id,
            c1_0.apellido,
            c1_0.created_at,
            c1_0.email,
            c1_0.fecha_nacimiento,
            c1_0.national_id,
            c1_0.nombre,
            c1_0.telefono,
            c1_0.updated_at,
            t1_0.codigo_referencia,
            t1_0.created_at,
            t1_0.estimated_wait_minutes,
            t1_0.numero,
            t1_0.position_in_queue,
            t1_0.queue_type,
            t1_0.status,
            t1_0.updated_at 
        from
            ticket t1_0 
        join
            cliente c1_0 
                on c1_0.id=t1_0.cliente_id 
        where
            t1_0.status=? 
        order by
            t1_0.created_at
Hibernate: 
    /* SELECT
        t 
    FROM
        Ticket t 
    JOIN
        
    FETCH
        t.cliente 
    WHERE
        t.status = :status 
    ORDER BY
        t.createdAt ASC  */ select
            t1_0.id,
            t1_0.assigned_advisor_id,
            t1_0.assigned_module_number,
            t1_0.branch_office,
            t1_0.cliente_id,
            c1_0.id,
            c1_0.apellido,
            c1_0.created_at,
            c1_0.email,
            c1_0.fecha_nacimiento,
            c1_0.national_id,
            c1_0.nombre,
            c1_0.telefono,
            c1_0.updated_at,
            t1_0.codigo_referencia,
            t1_0.created_at,
            t1_0.estimated_wait_minutes,
            t1_0.numero,
            t1_0.position_in_queue,
            t1_0.queue_type,
            t1_0.status,
            t1_0.updated_at 
        from
            ticket t1_0 
        join
            cliente c1_0 
                on c1_0.id=t1_0.cliente_id 
        where
            t1_0.status=? 
        order by
            t1_0.created_at
2025-12-23T23:37:14.366Z DEBUG 3102 --- [ticketero-api-test] [           main] s.w.s.m.m.a.RequestMappingHandlerMapping : Mapped to com.example.ticketero.controller.TicketController#createTicket(TicketRequest)
2025-12-23T23:37:14.867Z DEBUG 3102 --- [ticketero-api-test] [           main] m.m.a.RequestResponseBodyMethodProcessor : Read "application/json;charset=UTF-8" to [TicketRequest[clienteId=999, branchOffice=Sucursal Centro, queueType=CAJA]]
2025-12-23T23:37:15.608Z  INFO 3102 --- [ticketero-api-test] [           main] c.e.t.controller.TicketController        : Creating ticket for cliente: 999
2025-12-23T23:37:15.609Z  INFO 3102 --- [ticketero-api-test] [           main] c.e.ticketero.service.TicketService      : Creating ticket for cliente: 999
2025-12-23T23:37:15.638Z DEBUG 3102 --- [ticketero-api-test] [           main] org.hibernate.SQL                        : 
    select
        c1_0.id,
        c1_0.apellido,
        c1_0.created_at,
        c1_0.email,
        c1_0.fecha_nacimiento,
        c1_0.national_id,
        c1_0.nombre,
        c1_0.telefono,
        c1_0.updated_at 
    from
        cliente c1_0 
    where
        c1_0.id=?
Hibernate: 
    select
        c1_0.id,
        c1_0.apellido,
        c1_0.created_at,
        c1_0.email,
        c1_0.fecha_nacimiento,
        c1_0.national_id,
        c1_0.nombre,
        c1_0.telefono,
        c1_0.updated_at 
    from
        cliente c1_0 
    where
        c1_0.id=?
2025-12-23T23:37:15.659Z DEBUG 3102 --- [ticketero-api-test] [           main] .m.m.a.ExceptionHandlerExceptionResolver : Using @ExceptionHandler com.example.ticketero.exception.GlobalExceptionHandler#handleRuntime(RuntimeException)
2025-12-23T23:37:15.660Z ERROR 3102 --- [ticketero-api-test] [           main] c.e.t.exception.GlobalExceptionHandler   : Runtime error: Cliente not found
2025-12-23T23:37:15.828Z DEBUG 3102 --- [ticketero-api-test] [           main] o.s.w.s.m.m.a.HttpEntityMethodProcessor  : Using 'application/json', given [*/*] and supported [application/json, application/*+json]
2025-12-23T23:37:15.841Z DEBUG 3102 --- [ticketero-api-test] [           main] o.s.w.s.m.m.a.HttpEntityMethodProcessor  : Writing [ErrorResponse[message=Cliente not found, status=400, timestamp=2025-12-23T23:37:15.744939011, errors (truncated)...]
2025-12-23T23:37:15.895Z DEBUG 3102 --- [ticketero-api-test] [           main] .m.m.a.ExceptionHandlerExceptionResolver : Resolved [java.lang.RuntimeException: Cliente not found]
]]></system-out>
    <system-err><![CDATA[WARNING: A Java agent has been loaded dynamically (/root/.m2/repository/net/bytebuddy/byte-buddy-agent/1.14.19/byte-buddy-agent-1.14.19.jar)
WARNING: If a serviceability tool is in use, please run with -XX:+EnableDynamicAgentLoading to hide this warning
WARNING: If a serviceability tool is not in use, please run with -Djdk.instrument.traceUsage for more information
WARNING: Dynamic loading of agents will be disallowed by default in a future release
]]></system-err>
  </testcase>
  <testcase name="createTicket_conDatosValidos_debeCrearTicket" classname="com.example.ticketero.integration.TicketIntegrationTest" time="1.504">
    <system-out><![CDATA[2025-12-23T23:37:16.609Z DEBUG 3102 --- [ticketero-api-test] [           main] org.hibernate.SQL                        : 
    select
        c1_0.id,
        c1_0.apellido,
        c1_0.created_at,
        c1_0.email,
        c1_0.fecha_nacimiento,
        c1_0.national_id,
        c1_0.nombre,
        c1_0.telefono,
        c1_0.updated_at,
        t1_0.cliente_id,
        t1_0.id,
        t1_0.assigned_advisor_id,
        t1_0.assigned_module_number,
        t1_0.branch_office,
        t1_0.codigo_referencia,
        t1_0.created_at,
        t1_0.estimated_wait_minutes,
        t1_0.numero,
        t1_0.position_in_queue,
        t1_0.queue_type,
        t1_0.status,
        t1_0.updated_at 
    from
        cliente c1_0 
    left join
        ticket t1_0 
            on c1_0.id=t1_0.cliente_id 
    where
        c1_0.id=?
Hibernate: 
    select
        c1_0.id,
        c1_0.apellido,
        c1_0.created_at,
        c1_0.email,
        c1_0.fecha_nacimiento,
        c1_0.national_id,
        c1_0.nombre,
        c1_0.telefono,
        c1_0.updated_at,
        t1_0.cliente_id,
        t1_0.id,
        t1_0.assigned_advisor_id,
        t1_0.assigned_module_number,
        t1_0.branch_office,
        t1_0.codigo_referencia,
        t1_0.created_at,
        t1_0.estimated_wait_minutes,
        t1_0.numero,
        t1_0.position_in_queue,
        t1_0.queue_type,
        t1_0.status,
        t1_0.updated_at 
    from
        cliente c1_0 
    left join
        ticket t1_0 
            on c1_0.id=t1_0.cliente_id 
    where
        c1_0.id=?
2025-12-23T23:37:16.616Z DEBUG 3102 --- [ticketero-api-test] [           main] org.hibernate.SQL                        : 
    /* insert for
        com.example.ticketero.model.entity.Cliente */insert 
    into
        cliente (apellido, created_at, email, fecha_nacimiento, national_id, nombre, telefono, updated_at, id) 
    values
        (?, ?, ?, ?, ?, ?, ?, ?, default)
Hibernate: 
    /* insert for
        com.example.ticketero.model.entity.Cliente */insert 
    into
        cliente (apellido, created_at, email, fecha_nacimiento, national_id, nombre, telefono, updated_at, id) 
    values
        (?, ?, ?, ?, ?, ?, ?, ?, default)
2025-12-23T23:37:16.621Z DEBUG 3102 --- [ticketero-api-test] [           main] s.w.s.m.m.a.RequestMappingHandlerMapping : Mapped to com.example.ticketero.controller.TicketController#createTicket(TicketRequest)
2025-12-23T23:37:16.622Z DEBUG 3102 --- [ticketero-api-test] [           main] m.m.a.RequestResponseBodyMethodProcessor : Read "application/json;charset=UTF-8" to [TicketRequest[clienteId=2, branchOffice=Sucursal Centro, queueType=CAJA]]
2025-12-23T23:37:16.628Z  INFO 3102 --- [ticketero-api-test] [           main] c.e.t.controller.TicketController        : Creating ticket for cliente: 2
2025-12-23T23:37:16.629Z  INFO 3102 --- [ticketero-api-test] [           main] c.e.ticketero.service.TicketService      : Creating ticket for cliente: 2
2025-12-23T23:37:16.933Z DEBUG 3102 --- [ticketero-api-test] [           main] org.hibernate.SQL                        : 
    /* <criteria> */ select
        count(t1_0.id) 
    from
        ticket t1_0 
    where
        t1_0.queue_type=? 
        and t1_0.status=?
Hibernate: 
    /* <criteria> */ select
        count(t1_0.id) 
    from
        ticket t1_0 
    where
        t1_0.queue_type=? 
        and t1_0.status=?
2025-12-23T23:37:16.997Z DEBUG 3102 --- [ticketero-api-test] [           main] org.hibernate.SQL                        : 
    /* insert for
        com.example.ticketero.model.entity.Ticket */insert 
    into
        ticket (assigned_advisor_id, assigned_module_number, branch_office, cliente_id, codigo_referencia, created_at, estimated_wait_minutes, numero, position_in_queue, queue_type, status, updated_at, id) 
    values
        (?, ?, ?, ?, ?, ?, ?, ?, ?, ?, ?, ?, default)
Hibernate: 
    /* insert for
        com.example.ticketero.model.entity.Ticket */insert 
    into
        ticket (assigned_advisor_id, assigned_module_number, branch_office, cliente_id, codigo_referencia, created_at, estimated_wait_minutes, numero, position_in_queue, queue_type, status, updated_at, id) 
    values
        (?, ?, ?, ?, ?, ?, ?, ?, ?, ?, ?, ?, default)
2025-12-23T23:37:17.045Z  INFO 3102 --- [ticketero-api-test] [           main] c.e.ticketero.service.MensajeService     : Scheduling messages for ticket: C001
2025-12-23T23:37:17.052Z DEBUG 3102 --- [ticketero-api-test] [           main] org.hibernate.SQL                        : 
    /* insert for
        com.example.ticketero.model.entity.Mensaje */insert 
    into
        mensaje (created_at, estado_envio, fecha_envio, fecha_programada, intentos, plantilla, telegram_message_id, ticket_id, id) 
    values
        (?, ?, ?, ?, ?, ?, ?, ?, default)
Hibernate: 
    /* insert for
        com.example.ticketero.model.entity.Mensaje */insert 
    into
        mensaje (created_at, estado_envio, fecha_envio, fecha_programada, intentos, plantilla, telegram_message_id, ticket_id, id) 
    values
        (?, ?, ?, ?, ?, ?, ?, ?, default)
2025-12-23T23:37:17.056Z DEBUG 3102 --- [ticketero-api-test] [           main] org.hibernate.SQL                        : 
    /* insert for
        com.example.ticketero.model.entity.Mensaje */insert 
    into
        mensaje (created_at, estado_envio, fecha_envio, fecha_programada, intentos, plantilla, telegram_message_id, ticket_id, id) 
    values
        (?, ?, ?, ?, ?, ?, ?, ?, default)
Hibernate: 
    /* insert for
        com.example.ticketero.model.entity.Mensaje */insert 
    into
        mensaje (created_at, estado_envio, fecha_envio, fecha_programada, intentos, plantilla, telegram_message_id, ticket_id, id) 
    values
        (?, ?, ?, ?, ?, ?, ?, ?, default)
2025-12-23T23:37:17.058Z DEBUG 3102 --- [ticketero-api-test] [           main] org.hibernate.SQL                        : 
    /* insert for
        com.example.ticketero.model.entity.Mensaje */insert 
    into
        mensaje (created_at, estado_envio, fecha_envio, fecha_programada, intentos, plantilla, telegram_message_id, ticket_id, id) 
    values
        (?, ?, ?, ?, ?, ?, ?, ?, default)
Hibernate: 
    /* insert for
        com.example.ticketero.model.entity.Mensaje */insert 
    into
        mensaje (created_at, estado_envio, fecha_envio, fecha_programada, intentos, plantilla, telegram_message_id, ticket_id, id) 
    values
        (?, ?, ?, ?, ?, ?, ?, ?, default)
2025-12-23T23:37:17.131Z DEBUG 3102 --- [ticketero-api-test] [           main] org.hibernate.SQL                        : 
    /* insert for
        com.example.ticketero.model.entity.AuditLog */insert 
    into
        audit_log (actor, cambios_estado, detalles_adicionales, entity_id, entity_type, ip_address, timestamp, tipo_evento, id) 
    values
        (?, ?, ?, ?, ?, ?, ?, ?, default)
Hibernate: 
    /* insert for
        com.example.ticketero.model.entity.AuditLog */insert 
    into
        audit_log (actor, cambios_estado, detalles_adicionales, entity_id, entity_type, ip_address, timestamp, tipo_evento, id) 
    values
        (?, ?, ?, ?, ?, ?, ?, ?, default)
2025-12-23T23:37:17.167Z DEBUG 3102 --- [ticketero-api-test] [           main] c.e.ticketero.service.AuditService       : Audit event logged: TICKET_CREADO for 1
2025-12-23T23:37:17.188Z DEBUG 3102 --- [ticketero-api-test] [           main] o.s.w.s.m.m.a.HttpEntityMethodProcessor  : Using 'application/json', given [*/*] and supported [application/json, application/*+json]
2025-12-23T23:37:17.229Z DEBUG 3102 --- [ticketero-api-test] [           main] o.s.w.s.m.m.a.HttpEntityMethodProcessor  : Writing [TicketResponse[id=1, codigoReferencia=6a921a0f-45bf-4c98-bf19-ec3f1e58e89f, numero=C001, clienteId=2 (truncated)...]
2025-12-23T23:37:18.082Z DEBUG 3102 --- [ticketero-api-test] [           main] org.hibernate.SQL                        : 
    /* select
        count(*) 
    from
        Ticket x */ select
            count(*) 
        from
            ticket t1_0
Hibernate: 
    /* select
        count(*) 
    from
        Ticket x */ select
            count(*) 
        from
            ticket t1_0
]]></system-out>
  </testcase>
  <testcase name="getTicket_conCodigoValido_debeRetornarTicket" classname="com.example.ticketero.integration.TicketIntegrationTest" time="0.117">
    <system-out><![CDATA[2025-12-23T23:37:18.115Z DEBUG 3102 --- [ticketero-api-test] [           main] org.hibernate.SQL                        : 
    select
        c1_0.id,
        c1_0.apellido,
        c1_0.created_at,
        c1_0.email,
        c1_0.fecha_nacimiento,
        c1_0.national_id,
        c1_0.nombre,
        c1_0.telefono,
        c1_0.updated_at,
        t1_0.cliente_id,
        t1_0.id,
        t1_0.assigned_advisor_id,
        t1_0.assigned_module_number,
        t1_0.branch_office,
        t1_0.codigo_referencia,
        t1_0.created_at,
        t1_0.estimated_wait_minutes,
        t1_0.numero,
        t1_0.position_in_queue,
        t1_0.queue_type,
        t1_0.status,
        t1_0.updated_at 
    from
        cliente c1_0 
    left join
        ticket t1_0 
            on c1_0.id=t1_0.cliente_id 
    where
        c1_0.id=?
Hibernate: 
    select
        c1_0.id,
        c1_0.apellido,
        c1_0.created_at,
        c1_0.email,
        c1_0.fecha_nacimiento,
        c1_0.national_id,
        c1_0.nombre,
        c1_0.telefono,
        c1_0.updated_at,
        t1_0.cliente_id,
        t1_0.id,
        t1_0.assigned_advisor_id,
        t1_0.assigned_module_number,
        t1_0.branch_office,
        t1_0.codigo_referencia,
        t1_0.created_at,
        t1_0.estimated_wait_minutes,
        t1_0.numero,
        t1_0.position_in_queue,
        t1_0.queue_type,
        t1_0.status,
        t1_0.updated_at 
    from
        cliente c1_0 
    left join
        ticket t1_0 
            on c1_0.id=t1_0.cliente_id 
    where
        c1_0.id=?
2025-12-23T23:37:18.119Z DEBUG 3102 --- [ticketero-api-test] [           main] org.hibernate.SQL                        : 
    /* insert for
        com.example.ticketero.model.entity.Cliente */insert 
    into
        cliente (apellido, created_at, email, fecha_nacimiento, national_id, nombre, telefono, updated_at, id) 
    values
        (?, ?, ?, ?, ?, ?, ?, ?, default)
Hibernate: 
    /* insert for
        com.example.ticketero.model.entity.Cliente */insert 
    into
        cliente (apellido, created_at, email, fecha_nacimiento, national_id, nombre, telefono, updated_at, id) 
    values
        (?, ?, ?, ?, ?, ?, ?, ?, default)
2025-12-23T23:37:18.127Z DEBUG 3102 --- [ticketero-api-test] [           main] s.w.s.m.m.a.RequestMappingHandlerMapping : Mapped to com.example.ticketero.controller.TicketController#createTicket(TicketRequest)
2025-12-23T23:37:18.129Z DEBUG 3102 --- [ticketero-api-test] [           main] m.m.a.RequestResponseBodyMethodProcessor : Read "application/json;charset=UTF-8" to [TicketRequest[clienteId=3, branchOffice=Sucursal Centro, queueType=CAJA]]
2025-12-23T23:37:18.130Z  INFO 3102 --- [ticketero-api-test] [           main] c.e.t.controller.TicketController        : Creating ticket for cliente: 3
2025-12-23T23:37:18.131Z  INFO 3102 --- [ticketero-api-test] [           main] c.e.ticketero.service.TicketService      : Creating ticket for cliente: 3
2025-12-23T23:37:18.135Z DEBUG 3102 --- [ticketero-api-test] [           main] org.hibernate.SQL                        : 
    /* <criteria> */ select
        count(t1_0.id) 
    from
        ticket t1_0 
    where
        t1_0.queue_type=? 
        and t1_0.status=?
Hibernate: 
    /* <criteria> */ select
        count(t1_0.id) 
    from
        ticket t1_0 
    where
        t1_0.queue_type=? 
        and t1_0.status=?
2025-12-23T23:37:18.146Z DEBUG 3102 --- [ticketero-api-test] [           main] org.hibernate.SQL                        : 
    /* insert for
        com.example.ticketero.model.entity.Ticket */insert 
    into
        ticket (assigned_advisor_id, assigned_module_number, branch_office, cliente_id, codigo_referencia, created_at, estimated_wait_minutes, numero, position_in_queue, queue_type, status, updated_at, id) 
    values
        (?, ?, ?, ?, ?, ?, ?, ?, ?, ?, ?, ?, default)
Hibernate: 
    /* insert for
        com.example.ticketero.model.entity.Ticket */insert 
    into
        ticket (assigned_advisor_id, assigned_module_number, branch_office, cliente_id, codigo_referencia, created_at, estimated_wait_minutes, numero, position_in_queue, queue_type, status, updated_at, id) 
    values
        (?, ?, ?, ?, ?, ?, ?, ?, ?, ?, ?, ?, default)
2025-12-23T23:37:18.149Z  INFO 3102 --- [ticketero-api-test] [           main] c.e.ticketero.service.MensajeService     : Scheduling messages for ticket: C001
2025-12-23T23:37:18.151Z DEBUG 3102 --- [ticketero-api-test] [           main] org.hibernate.SQL                        : 
    /* insert for
        com.example.ticketero.model.entity.Mensaje */insert 
    into
        mensaje (created_at, estado_envio, fecha_envio, fecha_programada, intentos, plantilla, telegram_message_id, ticket_id, id) 
    values
        (?, ?, ?, ?, ?, ?, ?, ?, default)
Hibernate: 
    /* insert for
        com.example.ticketero.model.entity.Mensaje */insert 
    into
        mensaje (created_at, estado_envio, fecha_envio, fecha_programada, intentos, plantilla, telegram_message_id, ticket_id, id) 
    values
        (?, ?, ?, ?, ?, ?, ?, ?, default)
2025-12-23T23:37:18.157Z DEBUG 3102 --- [ticketero-api-test] [           main] org.hibernate.SQL                        : 
    /* insert for
        com.example.ticketero.model.entity.Mensaje */insert 
    into
        mensaje (created_at, estado_envio, fecha_envio, fecha_programada, intentos, plantilla, telegram_message_id, ticket_id, id) 
    values
        (?, ?, ?, ?, ?, ?, ?, ?, default)
Hibernate: 
    /* insert for
        com.example.ticketero.model.entity.Mensaje */insert 
    into
        mensaje (created_at, estado_envio, fecha_envio, fecha_programada, intentos, plantilla, telegram_message_id, ticket_id, id) 
    values
        (?, ?, ?, ?, ?, ?, ?, ?, default)
2025-12-23T23:37:18.162Z DEBUG 3102 --- [ticketero-api-test] [           main] org.hibernate.SQL                        : 
    /* insert for
        com.example.ticketero.model.entity.Mensaje */insert 
    into
        mensaje (created_at, estado_envio, fecha_envio, fecha_programada, intentos, plantilla, telegram_message_id, ticket_id, id) 
    values
        (?, ?, ?, ?, ?, ?, ?, ?, default)
Hibernate: 
    /* insert for
        com.example.ticketero.model.entity.Mensaje */insert 
    into
        mensaje (created_at, estado_envio, fecha_envio, fecha_programada, intentos, plantilla, telegram_message_id, ticket_id, id) 
    values
        (?, ?, ?, ?, ?, ?, ?, ?, default)
2025-12-23T23:37:18.167Z DEBUG 3102 --- [ticketero-api-test] [           main] org.hibernate.SQL                        : 
    /* insert for
        com.example.ticketero.model.entity.AuditLog */insert 
    into
        audit_log (actor, cambios_estado, detalles_adicionales, entity_id, entity_type, ip_address, timestamp, tipo_evento, id) 
    values
        (?, ?, ?, ?, ?, ?, ?, ?, default)
Hibernate: 
    /* insert for
        com.example.ticketero.model.entity.AuditLog */insert 
    into
        audit_log (actor, cambios_estado, detalles_adicionales, entity_id, entity_type, ip_address, timestamp, tipo_evento, id) 
    values
        (?, ?, ?, ?, ?, ?, ?, ?, default)
2025-12-23T23:37:18.169Z DEBUG 3102 --- [ticketero-api-test] [           main] c.e.ticketero.service.AuditService       : Audit event logged: TICKET_CREADO for 2
2025-12-23T23:37:18.170Z DEBUG 3102 --- [ticketero-api-test] [           main] o.s.w.s.m.m.a.HttpEntityMethodProcessor  : Using 'application/json', given [*/*] and supported [application/json, application/*+json]
2025-12-23T23:37:18.170Z DEBUG 3102 --- [ticketero-api-test] [           main] o.s.w.s.m.m.a.HttpEntityMethodProcessor  : Writing [TicketResponse[id=2, codigoReferencia=4b1e8bf9-70c0-4914-bc21-9baceebf8df5, numero=C001, clienteId=3 (truncated)...]
2025-12-23T23:37:18.185Z DEBUG 3102 --- [ticketero-api-test] [           main] s.w.s.m.m.a.RequestMappingHandlerMapping : Mapped to com.example.ticketero.controller.TicketController#getTicket(UUID)
2025-12-23T23:37:18.201Z DEBUG 3102 --- [ticketero-api-test] [           main] org.hibernate.SQL                        : 
    /* <criteria> */ select
        t1_0.id,
        t1_0.assigned_advisor_id,
        t1_0.assigned_module_number,
        t1_0.branch_office,
        t1_0.cliente_id,
        t1_0.codigo_referencia,
        t1_0.created_at,
        t1_0.estimated_wait_minutes,
        t1_0.numero,
        t1_0.position_in_queue,
        t1_0.queue_type,
        t1_0.status,
        t1_0.updated_at 
    from
        ticket t1_0 
    where
        t1_0.codigo_referencia=?
Hibernate: 
    /* <criteria> */ select
        t1_0.id,
        t1_0.assigned_advisor_id,
        t1_0.assigned_module_number,
        t1_0.branch_office,
        t1_0.cliente_id,
        t1_0.codigo_referencia,
        t1_0.created_at,
        t1_0.estimated_wait_minutes,
        t1_0.numero,
        t1_0.position_in_queue,
        t1_0.queue_type,
        t1_0.status,
        t1_0.updated_at 
    from
        ticket t1_0 
    where
        t1_0.codigo_referencia=?
2025-12-23T23:37:18.213Z DEBUG 3102 --- [ticketero-api-test] [           main] o.s.w.s.m.m.a.HttpEntityMethodProcessor  : Using 'application/json', given [*/*] and supported [application/json, application/*+json]
2025-12-23T23:37:18.214Z DEBUG 3102 --- [ticketero-api-test] [           main] o.s.w.s.m.m.a.HttpEntityMethodProcessor  : Writing [TicketResponse[id=2, codigoReferencia=4b1e8bf9-70c0-4914-bc21-9baceebf8df5, numero=C001, clienteId=3 (truncated)...]
]]></system-out>
  </testcase>
</testsuite>